<?xml version="1.0" encoding="UTF-8"?>
<robot generator="Robot 3.1.1 (Python 3.6.8 on win32)" generated="20190328 11:27:36.225" rpa="false">
<suite id="s1" name="Add" source="F:\code\rf\homework1\add.robot">
<test id="s1-t1" name="获得所有热销单品的名称，打印在log报表中">
<kw name="Open Browser" library="SeleniumLibrary">
<doc>Opens a new browser instance to the given ``url``.</doc>
<arguments>
<arg>https://www.vmall.com/index.html</arg>
<arg>chrome</arg>
</arguments>
<msg timestamp="20190328 11:27:36.346" level="INFO">Opening browser 'chrome' to base url 'https://www.vmall.com/index.html'.</msg>
<status status="PASS" starttime="20190328 11:27:36.346" endtime="20190328 11:27:39.693"></status>
</kw>
<kw name="Set Selenium Implicit Wait" library="SeleniumLibrary">
<doc>Sets the implicit wait value used by Selenium.</doc>
<arguments>
<arg>5</arg>
</arguments>
<status status="PASS" starttime="20190328 11:27:39.693" endtime="20190328 11:27:39.694"></status>
</kw>
<kw name="Get WebElements" library="SeleniumLibrary">
<doc>Returns list of WebElement objects matching the ``locator``.</doc>
<arguments>
<arg>xpath=//div[@class="b clearfix"]//div[@class="grid-title"]</arg>
</arguments>
<assign>
<var>${eles}</var>
</assign>
<msg timestamp="20190328 11:27:39.713" level="INFO">${eles} = [&lt;selenium.webdriver.remote.webelement.WebElement (session="e96a554ac7707f3a0caafe42799d6f44", element="0.513064912199283-1")&gt;, &lt;selenium.webdriver.remote.webelement.WebElement (session="e96a554ac7707...</msg>
<status status="PASS" starttime="20190328 11:27:39.694" endtime="20190328 11:27:39.713"></status>
</kw>
<kw name="${ele} IN | ${eles} IN [  ]" type="for">
<msg timestamp="20190328 11:27:39.713" level="FAIL">Invalid FOR loop variable '${ele} IN'.</msg>
<status status="FAIL" starttime="20190328 11:27:39.713" endtime="20190328 11:27:39.713"></status>
</kw>
<status status="FAIL" starttime="20190328 11:27:36.345" endtime="20190328 11:27:39.714" critical="yes">Invalid FOR loop variable '${ele} IN'.</status>
</test>
<status status="FAIL" starttime="20190328 11:27:36.226" endtime="20190328 11:27:39.715"></status>
</suite>
<statistics>
<total>
<stat pass="0" fail="1">Critical Tests</stat>
<stat pass="0" fail="1">All Tests</stat>
</total>
<tag>
</tag>
<suite>
<stat pass="0" fail="1" id="s1" name="Add">Add</stat>
</suite>
</statistics>
<errors>
<msg timestamp="20190328 11:27:36.245" level="ERROR">Error in file 'F:\code\rf\homework1\add.robot': Importing test library 'course_mgr' failed: ModuleNotFoundError: No module named 'course_mgr'
Traceback (most recent call last):
  None
PYTHONPATH:
  F:\python368\python36.zip
  F:\python368\DLLs
  F:\python368\lib
  F:\python368
  F:\python368\lib\site-packages
  F:\python368\lib\site-packages\win32
  F:\python368\lib\site-packages\win32\lib
  F:\python368\lib\site-packages\Pythonwin</msg>
</errors>
</robot>
